Traceback (most recent call last):
  File "./sync", line 15, in <module>
    emailAddress = os.environ["NOTE_SYNC_MAIL"]
  File "/usr/lib/python2.7/UserDict.py", line 40, in __getitem__
    raise KeyError(key)
KeyError: 'NOTE_SYNC_MAIL'
Loading 00debian-vars...
Loading /etc/emacs/site-start.d/50autoconf.el (source)...
Loading /etc/emacs/site-start.d/50cmake-data.el (source)...
Loading /etc/emacs/site-start.d/50dictionaries-common.el (source)...
Loading debian-ispell...
Loading /var/cache/dictionaries-common/emacsen-ispell-default.el (source)...
Loading /var/cache/dictionaries-common/emacsen-ispell-dicts.el (source)...
Saving file /root/huy/bookmarks/index.html...
Wrote /root/huy/bookmarks/index.html
[master fad962c] Auto export
 2 files changed, 4 insertions(+), 4 deletions(-)
warning: push.default is unset; its implicit value has changed in
Git 2.0 from 'matching' to 'simple'. To squelch this message
and maintain the traditional behavior, use:

  git config --global push.default matching

To squelch this message and adopt the new behavior now, use:

  git config --global push.default simple

When push.default is set to 'matching', git will push local branches
to the remote branches that already exist with the same name.

Since Git 2.0, Git defaults to the more conservative 'simple'
behavior, which only pushes the current branch to the corresponding
remote branch that 'git pull' uses to update the current branch.

See 'git help config' and search for 'push.default' for further information.
(the 'simple' mode was introduced in Git 1.7.11. Use the similar mode
'current' instead of 'simple' if you sometimes use older versions of Git)

To git@github.com:huytd/bookmarks.git
   42becf7..fad962c  master -> master
